<?xml version="1.0" encoding="UTF-8"?>
<!-- Generated by org.testng.reporters.JUnitReportReporter -->
<testsuite hostname="ILOADS8" failures="0" tests="1" name="testcases.Assingment2.Testcase_1" time="23.199" errors="0" timestamp="2022-06-10T12:53:15 IST" skipped="0">
  <testcase classname="testcases.Assingment2.Testcase_1" name="goodreadbooks" time="23.199"/>
  <system-out/>
</testsuite> <!-- testcases.Assingment2.Testcase_1 -->
